{"/Users/viktorkorshunov/Desktop/test-challenge-allen/src/App.css": {"path":"/Users/viktorkorshunov/Desktop/test-challenge-allen/src/App.css","statementMap":{},"fnMap":{},"branchMap":{},"s":{},"f":{},"b":{},"inputSourceMap":null,"_coverageSchema":"1a1c01bbd47fc00a2c39e90264f33305004495a9","hash":"1e0e052554202b663775a8b41012a596a0a437b3"}
,"/Users/viktorkorshunov/Desktop/test-challenge-allen/src/App.tsx": {"path":"/Users/viktorkorshunov/Desktop/test-challenge-allen/src/App.tsx","statementMap":{"0":{"start":{"line":1,"column":0},"end":{"line":1,"column":19}},"1":{"start":{"line":2,"column":0},"end":{"line":2,"column":33}},"2":{"start":{"line":3,"column":0},"end":{"line":3,"column":51}},"3":{"start":{"line":4,"column":0},"end":{"line":4,"column":51}},"4":{"start":{"line":8,"column":26},"end":{"line":11,"column":4}},"5":{"start":{"line":9,"column":23},"end":{"line":9,"column":55}},"6":{"start":{"line":10,"column":4},"end":{"line":10,"column":52}},"7":{"start":{"line":13,"column":2},"end":{"line":18,"column":4}},"8":{"start":{"line":21,"column":0},"end":{"line":21,"column":19}}},"fnMap":{"0":{"name":"App","decl":{"start":{"line":6,"column":9},"end":{"line":6,"column":12}},"loc":{"start":{"line":6,"column":12},"end":{"line":19,"column":1}}},"1":{"name":"(anonymous_2)","decl":{"start":{"line":8,"column":35},"end":{"line":8,"column":38}},"loc":{"start":{"line":8,"column":40},"end":{"line":11,"column":3}}}},"branchMap":{"0":{"loc":{"start":{"line":10,"column":11},"end":{"line":10,"column":51}},"type":"cond-expr","locations":[{"start":{"line":10,"column":24},"end":{"line":10,"column":46}},{"start":{"line":10,"column":49},"end":{"line":10,"column":51}}]}},"s":{"0":1,"1":1,"2":1,"3":1,"4":9,"5":3,"6":3,"7":9,"8":1},"f":{"0":9,"1":3},"b":{"0":[2,1]}}
,"/Users/viktorkorshunov/Desktop/test-challenge-allen/src/components/Button.tsx": {"path":"/Users/viktorkorshunov/Desktop/test-challenge-allen/src/components/Button.tsx","statementMap":{"0":{"start":{"line":3,"column":15},"end":{"line":13,"column":1}},"1":{"start":{"line":4,"column":2},"end":{"line":12,"column":4}},"2":{"start":{"line":15,"column":0},"end":{"line":15,"column":22}}},"fnMap":{"0":{"name":"(anonymous_0)","decl":{"start":{"line":3,"column":15},"end":{"line":3,"column":16}},"loc":{"start":{"line":3,"column":55},"end":{"line":13,"column":1}}}},"branchMap":{},"s":{"0":1,"1":18,"2":1},"f":{"0":18},"b":{}}
,"/Users/viktorkorshunov/Desktop/test-challenge-allen/src/components/DynamicForm.tsx": {"path":"/Users/viktorkorshunov/Desktop/test-challenge-allen/src/components/DynamicForm.tsx","statementMap":{"0":{"start":{"line":1,"column":0},"end":{"line":1,"column":55}},"1":{"start":{"line":2,"column":0},"end":{"line":2,"column":42}},"2":{"start":{"line":5,"column":0},"end":{"line":5,"column":30}},"3":{"start":{"line":6,"column":0},"end":{"line":6,"column":36}},"4":{"start":{"line":8,"column":20},"end":{"line":163,"column":1}},"5":{"start":{"line":9,"column":21},"end":{"line":9,"column":41}},"6":{"start":{"line":10,"column":30},"end":{"line":10,"column":66}},"7":{"start":{"line":11,"column":36},"end":{"line":11,"column":67}},"8":{"start":{"line":14,"column":2},"end":{"line":20,"column":9}},"9":{"start":{"line":15,"column":23},"end":{"line":15,"column":55}},"10":{"start":{"line":16,"column":4},"end":{"line":19,"column":5}},"11":{"start":{"line":17,"column":31},"end":{"line":17,"column":53}},"12":{"start":{"line":18,"column":6},"end":{"line":18,"column":32}},"13":{"start":{"line":23,"column":2},"end":{"line":25,"column":13}},"14":{"start":{"line":24,"column":4},"end":{"line":24,"column":59}},"15":{"start":{"line":28,"column":24},"end":{"line":82,"column":3}},"16":{"start":{"line":29,"column":18},"end":{"line":29,"column":64}},"17":{"start":{"line":29,"column":48},"end":{"line":29,"column":63}},"18":{"start":{"line":30,"column":4},"end":{"line":30,"column":23}},"19":{"start":{"line":30,"column":16},"end":{"line":30,"column":23}},"20":{"start":{"line":32,"column":46},"end":{"line":32,"column":48}},"21":{"start":{"line":34,"column":4},"end":{"line":76,"column":5}},"22":{"start":{"line":35,"column":6},"end":{"line":35,"column":53}},"23":{"start":{"line":37,"column":6},"end":{"line":45,"column":7}},"24":{"start":{"line":42,"column":8},"end":{"line":44,"column":92}},"25":{"start":{"line":46,"column":6},"end":{"line":54,"column":7}},"26":{"start":{"line":51,"column":8},"end":{"line":53,"column":84}},"27":{"start":{"line":55,"column":6},"end":{"line":59,"column":7}},"28":{"start":{"line":56,"column":8},"end":{"line":58,"column":70}},"29":{"start":{"line":60,"column":6},"end":{"line":68,"column":7}},"30":{"start":{"line":65,"column":8},"end":{"line":67,"column":67}},"31":{"start":{"line":69,"column":6},"end":{"line":75,"column":7}},"32":{"start":{"line":74,"column":8},"end":{"line":74,"column":56}},"33":{"start":{"line":78,"column":4},"end":{"line":81,"column":8}},"34":{"start":{"line":78,"column":31},"end":{"line":81,"column":6}},"35":{"start":{"line":84,"column":20},"end":{"line":96,"column":3}},"36":{"start":{"line":85,"column":4},"end":{"line":85,"column":23}},"37":{"start":{"line":88,"column":34},"end":{"line":89,"column":null}},"38":{"start":{"line":91,"column":4},"end":{"line":91,"column":40}},"39":{"start":{"line":92,"column":4},"end":{"line":92,"column":53}},"40":{"start":{"line":94,"column":4},"end":{"line":94,"column":16}},"41":{"start":{"line":95,"column":4},"end":{"line":95,"column":18}},"42":{"start":{"line":98,"column":22},"end":{"line":105,"column":3}},"43":{"start":{"line":99,"column":4},"end":{"line":99,"column":23}},"44":{"start":{"line":101,"column":4},"end":{"line":103,"column":5}},"45":{"start":{"line":102,"column":6},"end":{"line":102,"column":25}},"46":{"start":{"line":104,"column":4},"end":{"line":104,"column":18}},"47":{"start":{"line":107,"column":25},"end":{"line":127,"column":3}},"48":{"start":{"line":108,"column":28},"end":{"line":108,"column":36}},"49":{"start":{"line":109,"column":4},"end":{"line":126,"column":7}},"50":{"start":{"line":110,"column":26},"end":{"line":113,"column":8}},"51":{"start":{"line":116,"column":6},"end":{"line":123,"column":9}},"52":{"start":{"line":117,"column":8},"end":{"line":122,"column":9}},"53":{"start":{"line":121,"column":10},"end":{"line":121,"column":39}},"54":{"start":{"line":125,"column":6},"end":{"line":125,"column":25}},"55":{"start":{"line":129,"column":2},"end":{"line":162,"column":4}},"56":{"start":{"line":137,"column":16},"end":{"line":141,"column":null}},"57":{"start":{"line":141,"column":23},"end":{"line":141,"column":75}},"58":{"start":{"line":143,"column":14},"end":{"line":153,"column":23}},"59":{"start":{"line":148,"column":34},"end":{"line":148,"column":77}},"60":{"start":{"line":164,"column":0},"end":{"line":164,"column":27}}},"fnMap":{"0":{"name":"(anonymous_1)","decl":{"start":{"line":8,"column":20},"end":{"line":8,"column":21}},"loc":{"start":{"line":8,"column":60},"end":{"line":163,"column":1}}},"1":{"name":"(anonymous_2)","decl":{"start":{"line":14,"column":12},"end":{"line":14,"column":15}},"loc":{"start":{"line":14,"column":17},"end":{"line":20,"column":3}}},"2":{"name":"(anonymous_3)","decl":{"start":{"line":23,"column":12},"end":{"line":23,"column":15}},"loc":{"start":{"line":23,"column":17},"end":{"line":25,"column":3}}},"3":{"name":"(anonymous_4)","decl":{"start":{"line":28,"column":24},"end":{"line":28,"column":25}},"loc":{"start":{"line":28,"column":56},"end":{"line":82,"column":3}}},"4":{"name":"(anonymous_5)","decl":{"start":{"line":29,"column":41},"end":{"line":29,"column":42}},"loc":{"start":{"line":29,"column":48},"end":{"line":29,"column":63}}},"5":{"name":"(anonymous_6)","decl":{"start":{"line":78,"column":14},"end":{"line":78,"column":15}},"loc":{"start":{"line":78,"column":31},"end":{"line":81,"column":6}}},"6":{"name":"(anonymous_7)","decl":{"start":{"line":84,"column":20},"end":{"line":84,"column":21}},"loc":{"start":{"line":84,"column":37},"end":{"line":96,"column":3}}},"7":{"name":"(anonymous_8)","decl":{"start":{"line":98,"column":22},"end":{"line":98,"column":23}},"loc":{"start":{"line":98,"column":39},"end":{"line":105,"column":3}}},"8":{"name":"(anonymous_9)","decl":{"start":{"line":107,"column":25},"end":{"line":107,"column":26}},"loc":{"start":{"line":107,"column":36},"end":{"line":127,"column":3}}},"9":{"name":"(anonymous_10)","decl":{"start":{"line":109,"column":12},"end":{"line":109,"column":13}},"loc":{"start":{"line":109,"column":30},"end":{"line":126,"column":5}}},"10":{"name":"(anonymous_11)","decl":{"start":{"line":116,"column":32},"end":{"line":116,"column":33}},"loc":{"start":{"line":116,"column":42},"end":{"line":123,"column":7}}},"11":{"name":"(anonymous_12)","decl":{"start":{"line":135,"column":34},"end":{"line":135,"column":35}},"loc":{"start":{"line":135,"column":44},"end":{"line":154,"column":13}}},"12":{"name":"(anonymous_13)","decl":{"start":{"line":139,"column":18},"end":{"line":139,"column":null}},"loc":{"start":{"line":141,"column":23},"end":{"line":141,"column":75}}},"13":{"name":"(anonymous_14)","decl":{"start":{"line":148,"column":28},"end":{"line":148,"column":31}},"loc":{"start":{"line":148,"column":34},"end":{"line":148,"column":77}}}},"branchMap":{"0":{"loc":{"start":{"line":16,"column":4},"end":{"line":19,"column":5}},"type":"if","locations":[{"start":{"line":16,"column":4},"end":{"line":19,"column":5}}]},"1":{"loc":{"start":{"line":30,"column":4},"end":{"line":30,"column":23}},"type":"if","locations":[{"start":{"line":30,"column":4},"end":{"line":30,"column":23}}]},"2":{"loc":{"start":{"line":34,"column":4},"end":{"line":76,"column":5}},"type":"if","locations":[{"start":{"line":34,"column":4},"end":{"line":76,"column":5}},{"start":{"line":36,"column":11},"end":{"line":76,"column":5}}]},"3":{"loc":{"start":{"line":34,"column":8},"end":{"line":34,"column":44}},"type":"binary-expr","locations":[{"start":{"line":34,"column":8},"end":{"line":34,"column":34}},{"start":{"line":34,"column":38},"end":{"line":34,"column":44}}]},"4":{"loc":{"start":{"line":37,"column":6},"end":{"line":45,"column":7}},"type":"if","locations":[{"start":{"line":37,"column":6},"end":{"line":45,"column":7}}]},"5":{"loc":{"start":{"line":38,"column":8},"end":{"line":40,"column":49}},"type":"binary-expr","locations":[{"start":{"line":38,"column":8},"end":{"line":38,"column":35}},{"start":{"line":39,"column":8},"end":{"line":39,"column":33}},{"start":{"line":40,"column":8},"end":{"line":40,"column":49}}]},"6":{"loc":{"start":{"line":46,"column":6},"end":{"line":54,"column":7}},"type":"if","locations":[{"start":{"line":46,"column":6},"end":{"line":54,"column":7}}]},"7":{"loc":{"start":{"line":47,"column":8},"end":{"line":49,"column":49}},"type":"binary-expr","locations":[{"start":{"line":47,"column":8},"end":{"line":47,"column":35}},{"start":{"line":48,"column":8},"end":{"line":48,"column":33}},{"start":{"line":49,"column":8},"end":{"line":49,"column":49}}]},"8":{"loc":{"start":{"line":55,"column":6},"end":{"line":59,"column":7}},"type":"if","locations":[{"start":{"line":55,"column":6},"end":{"line":59,"column":7}}]},"9":{"loc":{"start":{"line":55,"column":10},"end":{"line":55,"column":71}},"type":"binary-expr","locations":[{"start":{"line":55,"column":10},"end":{"line":55,"column":31}},{"start":{"line":55,"column":35},"end":{"line":55,"column":71}}]},"10":{"loc":{"start":{"line":60,"column":6},"end":{"line":68,"column":7}},"type":"if","locations":[{"start":{"line":60,"column":6},"end":{"line":68,"column":7}}]},"11":{"loc":{"start":{"line":61,"column":8},"end":{"line":63,"column":44}},"type":"binary-expr","locations":[{"start":{"line":61,"column":8},"end":{"line":61,"column":29}},{"start":{"line":62,"column":8},"end":{"line":62,"column":33}},{"start":{"line":63,"column":8},"end":{"line":63,"column":44}}]},"12":{"loc":{"start":{"line":69,"column":6},"end":{"line":75,"column":7}},"type":"if","locations":[{"start":{"line":69,"column":6},"end":{"line":75,"column":7}}]},"13":{"loc":{"start":{"line":70,"column":8},"end":{"line":72,"column":57}},"type":"binary-expr","locations":[{"start":{"line":70,"column":8},"end":{"line":70,"column":33}},{"start":{"line":71,"column":8},"end":{"line":71,"column":33}},{"start":{"line":72,"column":8},"end":{"line":72,"column":57}}]},"14":{"loc":{"start":{"line":80,"column":14},"end":{"line":80,"column":35}},"type":"binary-expr","locations":[{"start":{"line":80,"column":14},"end":{"line":80,"column":29}},{"start":{"line":80,"column":33},"end":{"line":80,"column":35}}]},"15":{"loc":{"start":{"line":89,"column":6},"end":{"line":89,"column":46}},"type":"binary-expr","locations":[{"start":{"line":89,"column":6},"end":{"line":89,"column":38}},{"start":{"line":89,"column":42},"end":{"line":89,"column":46}}]},"16":{"loc":{"start":{"line":101,"column":4},"end":{"line":103,"column":5}},"type":"if","locations":[{"start":{"line":101,"column":4},"end":{"line":103,"column":5}}]},"17":{"loc":{"start":{"line":117,"column":8},"end":{"line":122,"column":9}},"type":"if","locations":[{"start":{"line":117,"column":8},"end":{"line":122,"column":9}}]},"18":{"loc":{"start":{"line":118,"column":10},"end":{"line":119,"column":64}},"type":"binary-expr","locations":[{"start":{"line":118,"column":10},"end":{"line":118,"column":36}},{"start":{"line":119,"column":10},"end":{"line":119,"column":64}}]},"19":{"loc":{"start":{"line":133,"column":11},"end":{"line":154,"column":14}},"type":"binary-expr","locations":[{"start":{"line":133,"column":11},"end":{"line":133,"column":21}},{"start":{"line":134,"column":12},"end":{"line":134,"column":40}},{"start":{"line":135,"column":12},"end":{"line":154,"column":14}}]},"20":{"loc":{"start":{"line":137,"column":16},"end":{"line":141,"column":null}},"type":"binary-expr","locations":[{"start":{"line":137,"column":16},"end":{"line":137,"column":43}},{"start":{"line":138,"column":16},"end":{"line":141,"column":null}}]},"21":{"loc":{"start":{"line":143,"column":21},"end":{"line":153,"column":22}},"type":"cond-expr","locations":[{"start":{"line":144,"column":16},"end":{"line":144,"column":null}},{"start":{"line":153,"column":18},"end":{"line":153,"column":22}}]},"22":{"loc":{"start":{"line":150,"column":27},"end":{"line":150,"column":51}},"type":"binary-expr","locations":[{"start":{"line":150,"column":27},"end":{"line":150,"column":45}},{"start":{"line":150,"column":49},"end":{"line":150,"column":51}}]}},"s":{"0":1,"1":1,"2":1,"3":1,"4":1,"5":9,"6":9,"7":9,"8":9,"9":3,"10":3,"11":2,"12":2,"13":9,"14":9,"15":9,"16":0,"17":0,"18":0,"19":0,"20":0,"21":0,"22":0,"23":0,"24":0,"25":0,"26":0,"27":0,"28":0,"29":0,"30":0,"31":0,"32":0,"33":0,"34":0,"35":9,"36":0,"37":0,"38":0,"39":0,"40":0,"41":0,"42":9,"43":0,"44":0,"45":0,"46":0,"47":9,"48":4,"49":4,"50":4,"51":4,"52":16,"53":1,"54":4,"55":9,"56":36,"57":9,"58":36,"59":0,"60":1},"f":{"0":9,"1":3,"2":9,"3":0,"4":0,"5":0,"6":0,"7":0,"8":4,"9":4,"10":16,"11":36,"12":9,"13":0},"b":{"0":[2],"1":[0],"2":[0,0],"3":[0,0],"4":[0],"5":[0,0,0],"6":[0],"7":[0,0,0],"8":[0],"9":[0,0],"10":[0],"11":[0,0,0],"12":[0],"13":[0,0,0],"14":[0,0],"15":[0,0],"16":[0],"17":[1],"18":[16,4],"19":[9,9,9],"20":[36,9],"21":[29,7],"22":[29,29]}}
,"/Users/viktorkorshunov/Desktop/test-challenge-allen/src/components/FormField.tsx": {"path":"/Users/viktorkorshunov/Desktop/test-challenge-allen/src/components/FormField.tsx","statementMap":{"0":{"start":{"line":3,"column":18},"end":{"line":93,"column":1}},"1":{"start":{"line":10,"column":2},"end":{"line":92,"column":4}},"2":{"start":{"line":66,"column":20},"end":{"line":66,"column":41}},"3":{"start":{"line":77,"column":20},"end":{"line":77,"column":41}},"4":{"start":{"line":95,"column":0},"end":{"line":95,"column":25}}},"fnMap":{"0":{"name":"(anonymous_0)","decl":{"start":{"line":3,"column":18},"end":{"line":3,"column":19}},"loc":{"start":{"line":9,"column":21},"end":{"line":93,"column":1}}},"1":{"name":"(anonymous_1)","decl":{"start":{"line":65,"column":36},"end":{"line":65,"column":37}},"loc":{"start":{"line":66,"column":20},"end":{"line":66,"column":41}}},"2":{"name":"(anonymous_2)","decl":{"start":{"line":76,"column":25},"end":{"line":76,"column":26}},"loc":{"start":{"line":77,"column":20},"end":{"line":77,"column":41}}}},"branchMap":{"0":{"loc":{"start":{"line":13,"column":7},"end":{"line":42,"column":null}},"type":"binary-expr","locations":[{"start":{"line":13,"column":8},"end":{"line":13,"column":29}},{"start":{"line":13,"column":33},"end":{"line":13,"column":56}},{"start":{"line":14,"column":8},"end":{"line":41,"column":null}}]},"1":{"loc":{"start":{"line":21,"column":15},"end":{"line":21,"column":48}},"type":"binary-expr","locations":[{"start":{"line":21,"column":15},"end":{"line":21,"column":41}},{"start":{"line":21,"column":45},"end":{"line":21,"column":48}}]},"2":{"loc":{"start":{"line":29,"column":29},"end":{"line":29,"column":52}},"type":"binary-expr","locations":[{"start":{"line":29,"column":29},"end":{"line":29,"column":46}},{"start":{"line":29,"column":50},"end":{"line":29,"column":52}}]},"3":{"loc":{"start":{"line":36,"column":23},"end":{"line":36,"column":45}},"type":"binary-expr","locations":[{"start":{"line":36,"column":23},"end":{"line":36,"column":39}},{"start":{"line":36,"column":43},"end":{"line":36,"column":45}}]},"4":{"loc":{"start":{"line":46,"column":7},"end":{"line":84,"column":null}},"type":"binary-expr","locations":[{"start":{"line":46,"column":7},"end":{"line":46,"column":30}},{"start":{"line":47,"column":8},"end":{"line":83,"column":null}}]},"5":{"loc":{"start":{"line":51,"column":15},"end":{"line":51,"column":48}},"type":"binary-expr","locations":[{"start":{"line":51,"column":15},"end":{"line":51,"column":41}},{"start":{"line":51,"column":45},"end":{"line":51,"column":48}}]},"6":{"loc":{"start":{"line":56,"column":23},"end":{"line":56,"column":45}},"type":"binary-expr","locations":[{"start":{"line":56,"column":23},"end":{"line":56,"column":39}},{"start":{"line":56,"column":43},"end":{"line":56,"column":45}}]},"7":{"loc":{"start":{"line":63,"column":17},"end":{"line":69,"column":20}},"type":"binary-expr","locations":[{"start":{"line":63,"column":17},"end":{"line":63,"column":45}},{"start":{"line":64,"column":18},"end":{"line":64,"column":42}},{"start":{"line":65,"column":18},"end":{"line":69,"column":20}}]},"8":{"loc":{"start":{"line":70,"column":17},"end":{"line":80,"column":20}},"type":"binary-expr","locations":[{"start":{"line":70,"column":17},"end":{"line":70,"column":50}},{"start":{"line":71,"column":18},"end":{"line":71,"column":44}},{"start":{"line":73,"column":20},"end":{"line":80,"column":20}}]},"9":{"loc":{"start":{"line":87,"column":9},"end":{"line":88,"column":null}},"type":"binary-expr","locations":[{"start":{"line":87,"column":9},"end":{"line":87,"column":14}},{"start":{"line":88,"column":10},"end":{"line":88,"column":77}}]}},"s":{"0":1,"1":29,"2":27,"3":4,"4":1},"f":{"0":29,"1":27,"2":4},"b":{"0":[29,20,18],"1":[18,18],"2":[18,9],"3":[18,7],"4":[29,11],"5":[11,11],"6":[11,8],"7":[11,9,9],"8":[11,11,2],"9":[29,0]}}
,"/Users/viktorkorshunov/Desktop/test-challenge-allen/src/components/JSONPreview.tsx": {"path":"/Users/viktorkorshunov/Desktop/test-challenge-allen/src/components/JSONPreview.tsx","statementMap":{"0":{"start":{"line":3,"column":20},"end":{"line":10,"column":1}},"1":{"start":{"line":4,"column":2},"end":{"line":9,"column":4}},"2":{"start":{"line":12,"column":0},"end":{"line":12,"column":27}}},"fnMap":{"0":{"name":"(anonymous_0)","decl":{"start":{"line":3,"column":20},"end":{"line":3,"column":21}},"loc":{"start":{"line":3,"column":51},"end":{"line":10,"column":1}}}},"branchMap":{},"s":{"0":1,"1":9,"2":1},"f":{"0":9},"b":{}}
}
