{"/Users/viktorkorshunov/Desktop/test-challenge-allen/src/App.css": {"path":"/Users/viktorkorshunov/Desktop/test-challenge-allen/src/App.css","statementMap":{},"fnMap":{},"branchMap":{},"s":{},"f":{},"b":{},"inputSourceMap":null,"_coverageSchema":"1a1c01bbd47fc00a2c39e90264f33305004495a9","hash":"1e0e052554202b663775a8b41012a596a0a437b3"}
,"/Users/viktorkorshunov/Desktop/test-challenge-allen/src/App.tsx": {"path":"/Users/viktorkorshunov/Desktop/test-challenge-allen/src/App.tsx","statementMap":{"0":{"start":{"line":1,"column":0},"end":{"line":1,"column":19}},"1":{"start":{"line":2,"column":0},"end":{"line":2,"column":33}},"2":{"start":{"line":3,"column":0},"end":{"line":3,"column":51}},"3":{"start":{"line":4,"column":0},"end":{"line":4,"column":51}},"4":{"start":{"line":7,"column":26},"end":{"line":7,"column":38}},"5":{"start":{"line":8,"column":24},"end":{"line":8,"column":36}},"6":{"start":{"line":9,"column":48},"end":{"line":9,"column":60}},"7":{"start":{"line":10,"column":42},"end":{"line":10,"column":54}},"8":{"start":{"line":12,"column":2},"end":{"line":31,"column":4}},"9":{"start":{"line":34,"column":0},"end":{"line":34,"column":19}}},"fnMap":{"0":{"name":"App","decl":{"start":{"line":6,"column":9},"end":{"line":6,"column":12}},"loc":{"start":{"line":6,"column":12},"end":{"line":32,"column":1}}}},"branchMap":{},"s":{"0":1,"1":1,"2":1,"3":1,"4":8,"5":8,"6":8,"7":8,"8":8,"9":1},"f":{"0":8},"b":{}}
,"/Users/viktorkorshunov/Desktop/test-challenge-allen/src/components/Button.tsx": {"path":"/Users/viktorkorshunov/Desktop/test-challenge-allen/src/components/Button.tsx","statementMap":{"0":{"start":{"line":3,"column":15},"end":{"line":13,"column":1}},"1":{"start":{"line":4,"column":2},"end":{"line":12,"column":4}},"2":{"start":{"line":15,"column":0},"end":{"line":15,"column":22}}},"fnMap":{"0":{"name":"(anonymous_0)","decl":{"start":{"line":3,"column":15},"end":{"line":3,"column":16}},"loc":{"start":{"line":3,"column":55},"end":{"line":13,"column":1}}}},"branchMap":{},"s":{"0":2,"1":30,"2":2},"f":{"0":30},"b":{}}
,"/Users/viktorkorshunov/Desktop/test-challenge-allen/src/components/DynamicForm.tsx": {"path":"/Users/viktorkorshunov/Desktop/test-challenge-allen/src/components/DynamicForm.tsx","statementMap":{"0":{"start":{"line":1,"column":0},"end":{"line":1,"column":55}},"1":{"start":{"line":2,"column":0},"end":{"line":2,"column":42}},"2":{"start":{"line":5,"column":0},"end":{"line":5,"column":30}},"3":{"start":{"line":6,"column":0},"end":{"line":6,"column":36}},"4":{"start":{"line":9,"column":20},"end":{"line":178,"column":1}},"5":{"start":{"line":19,"column":21},"end":{"line":19,"column":41}},"6":{"start":{"line":20,"column":30},"end":{"line":20,"column":66}},"7":{"start":{"line":21,"column":36},"end":{"line":21,"column":67}},"8":{"start":{"line":24,"column":2},"end":{"line":35,"column":9}},"9":{"start":{"line":25,"column":23},"end":{"line":25,"column":55}},"10":{"start":{"line":26,"column":4},"end":{"line":34,"column":5}},"11":{"start":{"line":27,"column":31},"end":{"line":27,"column":53}},"12":{"start":{"line":28,"column":6},"end":{"line":28,"column":64}},"13":{"start":{"line":28,"column":33},"end":{"line":28,"column":64}},"14":{"start":{"line":29,"column":6},"end":{"line":29,"column":61}},"15":{"start":{"line":29,"column":32},"end":{"line":29,"column":61}},"16":{"start":{"line":30,"column":6},"end":{"line":31,"column":61}},"17":{"start":{"line":31,"column":8},"end":{"line":31,"column":61}},"18":{"start":{"line":32,"column":6},"end":{"line":33,"column":55}},"19":{"start":{"line":33,"column":8},"end":{"line":33,"column":55}},"20":{"start":{"line":38,"column":2},"end":{"line":41,"column":49}},"21":{"start":{"line":39,"column":21},"end":{"line":39,"column":65}},"22":{"start":{"line":40,"column":4},"end":{"line":40,"column":63}},"23":{"start":{"line":44,"column":24},"end":{"line":98,"column":3}},"24":{"start":{"line":45,"column":18},"end":{"line":45,"column":64}},"25":{"start":{"line":45,"column":48},"end":{"line":45,"column":63}},"26":{"start":{"line":46,"column":4},"end":{"line":46,"column":23}},"27":{"start":{"line":46,"column":16},"end":{"line":46,"column":23}},"28":{"start":{"line":48,"column":46},"end":{"line":48,"column":48}},"29":{"start":{"line":50,"column":4},"end":{"line":92,"column":5}},"30":{"start":{"line":51,"column":6},"end":{"line":51,"column":53}},"31":{"start":{"line":53,"column":6},"end":{"line":61,"column":7}},"32":{"start":{"line":58,"column":8},"end":{"line":60,"column":92}},"33":{"start":{"line":62,"column":6},"end":{"line":70,"column":7}},"34":{"start":{"line":67,"column":8},"end":{"line":69,"column":84}},"35":{"start":{"line":71,"column":6},"end":{"line":75,"column":7}},"36":{"start":{"line":72,"column":8},"end":{"line":74,"column":70}},"37":{"start":{"line":76,"column":6},"end":{"line":84,"column":7}},"38":{"start":{"line":81,"column":8},"end":{"line":83,"column":67}},"39":{"start":{"line":85,"column":6},"end":{"line":91,"column":7}},"40":{"start":{"line":90,"column":8},"end":{"line":90,"column":56}},"41":{"start":{"line":94,"column":4},"end":{"line":97,"column":8}},"42":{"start":{"line":94,"column":31},"end":{"line":97,"column":6}},"43":{"start":{"line":100,"column":26},"end":{"line":116,"column":3}},"44":{"start":{"line":101,"column":4},"end":{"line":101,"column":23}},"45":{"start":{"line":104,"column":34},"end":{"line":105,"column":null}},"46":{"start":{"line":107,"column":4},"end":{"line":107,"column":40}},"47":{"start":{"line":108,"column":4},"end":{"line":108,"column":52}},"48":{"start":{"line":110,"column":4},"end":{"line":110,"column":16}},"49":{"start":{"line":111,"column":4},"end":{"line":111,"column":15}},"50":{"start":{"line":112,"column":4},"end":{"line":112,"column":27}},"51":{"start":{"line":113,"column":4},"end":{"line":113,"column":24}},"52":{"start":{"line":115,"column":4},"end":{"line":115,"column":18}},"53":{"start":{"line":118,"column":28},"end":{"line":129,"column":3}},"54":{"start":{"line":119,"column":4},"end":{"line":119,"column":23}},"55":{"start":{"line":121,"column":4},"end":{"line":126,"column":5}},"56":{"start":{"line":122,"column":6},"end":{"line":122,"column":30}},"57":{"start":{"line":123,"column":6},"end":{"line":123,"column":28}},"58":{"start":{"line":124,"column":6},"end":{"line":124,"column":52}},"59":{"start":{"line":125,"column":6},"end":{"line":125,"column":46}},"60":{"start":{"line":128,"column":4},"end":{"line":128,"column":18}},"61":{"start":{"line":131,"column":2},"end":{"line":177,"column":4}},"62":{"start":{"line":138,"column":14},"end":{"line":138,"column":null}},"63":{"start":{"line":146,"column":20},"end":{"line":146,"column":71}},"64":{"start":{"line":146,"column":47},"end":{"line":146,"column":71}},"65":{"start":{"line":147,"column":20},"end":{"line":147,"column":69}},"66":{"start":{"line":147,"column":46},"end":{"line":147,"column":69}},"67":{"start":{"line":148,"column":20},"end":{"line":149,"column":57}},"68":{"start":{"line":149,"column":22},"end":{"line":149,"column":57}},"69":{"start":{"line":150,"column":20},"end":{"line":150,"column":79}},"70":{"start":{"line":150,"column":47},"end":{"line":150,"column":79}},"71":{"start":{"line":153,"column":20},"end":{"line":163,"column":null}},"72":{"start":{"line":179,"column":0},"end":{"line":179,"column":27}}},"fnMap":{"0":{"name":"(anonymous_1)","decl":{"start":{"line":9,"column":20},"end":{"line":9,"column":21}},"loc":{"start":{"line":18,"column":23},"end":{"line":178,"column":1}}},"1":{"name":"(anonymous_2)","decl":{"start":{"line":24,"column":12},"end":{"line":24,"column":15}},"loc":{"start":{"line":24,"column":17},"end":{"line":35,"column":3}}},"2":{"name":"(anonymous_3)","decl":{"start":{"line":38,"column":12},"end":{"line":38,"column":15}},"loc":{"start":{"line":38,"column":17},"end":{"line":41,"column":3}}},"3":{"name":"(anonymous_4)","decl":{"start":{"line":44,"column":24},"end":{"line":44,"column":25}},"loc":{"start":{"line":44,"column":56},"end":{"line":98,"column":3}}},"4":{"name":"(anonymous_5)","decl":{"start":{"line":45,"column":41},"end":{"line":45,"column":42}},"loc":{"start":{"line":45,"column":48},"end":{"line":45,"column":63}}},"5":{"name":"(anonymous_6)","decl":{"start":{"line":94,"column":14},"end":{"line":94,"column":15}},"loc":{"start":{"line":94,"column":31},"end":{"line":97,"column":6}}},"6":{"name":"(anonymous_7)","decl":{"start":{"line":100,"column":26},"end":{"line":100,"column":27}},"loc":{"start":{"line":100,"column":43},"end":{"line":116,"column":3}}},"7":{"name":"(anonymous_8)","decl":{"start":{"line":118,"column":28},"end":{"line":118,"column":29}},"loc":{"start":{"line":118,"column":45},"end":{"line":129,"column":3}}},"8":{"name":"(anonymous_9)","decl":{"start":{"line":137,"column":34},"end":{"line":137,"column":35}},"loc":{"start":{"line":138,"column":14},"end":{"line":138,"column":null}}},"9":{"name":"(anonymous_10)","decl":{"start":{"line":145,"column":28},"end":{"line":145,"column":29}},"loc":{"start":{"line":145,"column":34},"end":{"line":151,"column":19}}},"10":{"name":"(anonymous_11)","decl":{"start":{"line":152,"column":26},"end":{"line":152,"column":29}},"loc":{"start":{"line":153,"column":20},"end":{"line":163,"column":null}}}},"branchMap":{"0":{"loc":{"start":{"line":26,"column":4},"end":{"line":34,"column":5}},"type":"if","locations":[{"start":{"line":26,"column":4},"end":{"line":34,"column":5}}]},"1":{"loc":{"start":{"line":28,"column":6},"end":{"line":28,"column":64}},"type":"if","locations":[{"start":{"line":28,"column":6},"end":{"line":28,"column":64}}]},"2":{"loc":{"start":{"line":29,"column":6},"end":{"line":29,"column":61}},"type":"if","locations":[{"start":{"line":29,"column":6},"end":{"line":29,"column":61}}]},"3":{"loc":{"start":{"line":30,"column":6},"end":{"line":31,"column":61}},"type":"if","locations":[{"start":{"line":30,"column":6},"end":{"line":31,"column":61}}]},"4":{"loc":{"start":{"line":32,"column":6},"end":{"line":33,"column":55}},"type":"if","locations":[{"start":{"line":32,"column":6},"end":{"line":33,"column":55}}]},"5":{"loc":{"start":{"line":46,"column":4},"end":{"line":46,"column":23}},"type":"if","locations":[{"start":{"line":46,"column":4},"end":{"line":46,"column":23}}]},"6":{"loc":{"start":{"line":50,"column":4},"end":{"line":92,"column":5}},"type":"if","locations":[{"start":{"line":50,"column":4},"end":{"line":92,"column":5}},{"start":{"line":52,"column":11},"end":{"line":92,"column":5}}]},"7":{"loc":{"start":{"line":50,"column":8},"end":{"line":50,"column":44}},"type":"binary-expr","locations":[{"start":{"line":50,"column":8},"end":{"line":50,"column":34}},{"start":{"line":50,"column":38},"end":{"line":50,"column":44}}]},"8":{"loc":{"start":{"line":53,"column":6},"end":{"line":61,"column":7}},"type":"if","locations":[{"start":{"line":53,"column":6},"end":{"line":61,"column":7}}]},"9":{"loc":{"start":{"line":54,"column":8},"end":{"line":56,"column":49}},"type":"binary-expr","locations":[{"start":{"line":54,"column":8},"end":{"line":54,"column":35}},{"start":{"line":55,"column":8},"end":{"line":55,"column":33}},{"start":{"line":56,"column":8},"end":{"line":56,"column":49}}]},"10":{"loc":{"start":{"line":62,"column":6},"end":{"line":70,"column":7}},"type":"if","locations":[{"start":{"line":62,"column":6},"end":{"line":70,"column":7}}]},"11":{"loc":{"start":{"line":63,"column":8},"end":{"line":65,"column":49}},"type":"binary-expr","locations":[{"start":{"line":63,"column":8},"end":{"line":63,"column":35}},{"start":{"line":64,"column":8},"end":{"line":64,"column":33}},{"start":{"line":65,"column":8},"end":{"line":65,"column":49}}]},"12":{"loc":{"start":{"line":71,"column":6},"end":{"line":75,"column":7}},"type":"if","locations":[{"start":{"line":71,"column":6},"end":{"line":75,"column":7}}]},"13":{"loc":{"start":{"line":71,"column":10},"end":{"line":71,"column":71}},"type":"binary-expr","locations":[{"start":{"line":71,"column":10},"end":{"line":71,"column":31}},{"start":{"line":71,"column":35},"end":{"line":71,"column":71}}]},"14":{"loc":{"start":{"line":76,"column":6},"end":{"line":84,"column":7}},"type":"if","locations":[{"start":{"line":76,"column":6},"end":{"line":84,"column":7}}]},"15":{"loc":{"start":{"line":77,"column":8},"end":{"line":79,"column":44}},"type":"binary-expr","locations":[{"start":{"line":77,"column":8},"end":{"line":77,"column":29}},{"start":{"line":78,"column":8},"end":{"line":78,"column":33}},{"start":{"line":79,"column":8},"end":{"line":79,"column":44}}]},"16":{"loc":{"start":{"line":85,"column":6},"end":{"line":91,"column":7}},"type":"if","locations":[{"start":{"line":85,"column":6},"end":{"line":91,"column":7}}]},"17":{"loc":{"start":{"line":86,"column":8},"end":{"line":88,"column":57}},"type":"binary-expr","locations":[{"start":{"line":86,"column":8},"end":{"line":86,"column":33}},{"start":{"line":87,"column":8},"end":{"line":87,"column":33}},{"start":{"line":88,"column":8},"end":{"line":88,"column":57}}]},"18":{"loc":{"start":{"line":96,"column":14},"end":{"line":96,"column":35}},"type":"binary-expr","locations":[{"start":{"line":96,"column":14},"end":{"line":96,"column":29}},{"start":{"line":96,"column":33},"end":{"line":96,"column":35}}]},"19":{"loc":{"start":{"line":105,"column":6},"end":{"line":105,"column":46}},"type":"binary-expr","locations":[{"start":{"line":105,"column":6},"end":{"line":105,"column":38}},{"start":{"line":105,"column":42},"end":{"line":105,"column":46}}]},"20":{"loc":{"start":{"line":121,"column":4},"end":{"line":126,"column":5}},"type":"if","locations":[{"start":{"line":121,"column":4},"end":{"line":126,"column":5}}]},"21":{"loc":{"start":{"line":135,"column":11},"end":{"line":169,"column":14}},"type":"binary-expr","locations":[{"start":{"line":135,"column":11},"end":{"line":135,"column":21}},{"start":{"line":136,"column":12},"end":{"line":136,"column":40}},{"start":{"line":137,"column":12},"end":{"line":169,"column":14}}]},"22":{"loc":{"start":{"line":146,"column":20},"end":{"line":146,"column":71}},"type":"if","locations":[{"start":{"line":146,"column":20},"end":{"line":146,"column":71}}]},"23":{"loc":{"start":{"line":147,"column":20},"end":{"line":147,"column":69}},"type":"if","locations":[{"start":{"line":147,"column":20},"end":{"line":147,"column":69}}]},"24":{"loc":{"start":{"line":148,"column":20},"end":{"line":149,"column":57}},"type":"if","locations":[{"start":{"line":148,"column":20},"end":{"line":149,"column":57}}]},"25":{"loc":{"start":{"line":150,"column":20},"end":{"line":150,"column":79}},"type":"if","locations":[{"start":{"line":150,"column":20},"end":{"line":150,"column":79}}]},"26":{"loc":{"start":{"line":155,"column":22},"end":{"line":163,"column":28}},"type":"cond-expr","locations":[{"start":{"line":156,"column":26},"end":{"line":156,"column":41}},{"start":{"line":157,"column":26},"end":{"line":163,"column":28}}]},"27":{"loc":{"start":{"line":157,"column":26},"end":{"line":163,"column":28}},"type":"cond-expr","locations":[{"start":{"line":158,"column":26},"end":{"line":158,"column":38}},{"start":{"line":159,"column":26},"end":{"line":163,"column":28}}]},"28":{"loc":{"start":{"line":159,"column":26},"end":{"line":163,"column":28}},"type":"cond-expr","locations":[{"start":{"line":160,"column":26},"end":{"line":160,"column":30}},{"start":{"line":161,"column":26},"end":{"line":163,"column":28}}]},"29":{"loc":{"start":{"line":161,"column":26},"end":{"line":163,"column":28}},"type":"cond-expr","locations":[{"start":{"line":162,"column":26},"end":{"line":162,"column":29}},{"start":{"line":163,"column":26},"end":{"line":163,"column":28}}]},"30":{"loc":{"start":{"line":166,"column":25},"end":{"line":166,"column":49}},"type":"binary-expr","locations":[{"start":{"line":166,"column":25},"end":{"line":166,"column":43}},{"start":{"line":166,"column":47},"end":{"line":166,"column":49}}]}},"s":{"0":2,"1":2,"2":2,"3":2,"4":2,"5":15,"6":15,"7":15,"8":15,"9":6,"10":6,"11":5,"12":5,"13":4,"14":5,"15":4,"16":5,"17":3,"18":5,"19":3,"20":15,"21":11,"22":11,"23":15,"24":3,"25":6,"26":3,"27":0,"28":3,"29":3,"30":3,"31":0,"32":0,"33":0,"34":0,"35":0,"36":0,"37":0,"38":0,"39":0,"40":0,"41":3,"42":3,"43":15,"44":0,"45":0,"46":0,"47":0,"48":0,"49":0,"50":0,"51":0,"52":0,"53":15,"54":1,"55":1,"56":0,"57":0,"58":0,"59":0,"60":1,"61":15,"62":60,"63":4,"64":1,"65":4,"66":1,"67":4,"68":1,"69":4,"70":1,"71":3,"72":2},"f":{"0":15,"1":6,"2":11,"3":3,"4":6,"5":3,"6":0,"7":1,"8":60,"9":4,"10":3},"b":{"0":[5],"1":[4],"2":[4],"3":[3],"4":[3],"5":[0],"6":[3,0],"7":[3,3],"8":[0],"9":[0,0,0],"10":[0],"11":[0,0,0],"12":[0],"13":[0,0],"14":[0],"15":[0,0,0],"16":[0],"17":[0,0,0],"18":[3,0],"19":[0,0],"20":[0],"21":[15,15,15],"22":[1],"23":[1],"24":[1],"25":[1],"26":[1,2],"27":[0,2],"28":[1,1],"29":[1,0],"30":[60,54]}}
,"/Users/viktorkorshunov/Desktop/test-challenge-allen/src/components/FormField.tsx": {"path":"/Users/viktorkorshunov/Desktop/test-challenge-allen/src/components/FormField.tsx","statementMap":{"0":{"start":{"line":3,"column":18},"end":{"line":122,"column":1}},"1":{"start":{"line":13,"column":2},"end":{"line":121,"column":4}},"2":{"start":{"line":36,"column":20},"end":{"line":36,"column":41}},"3":{"start":{"line":70,"column":26},"end":{"line":70,"column":47}},"4":{"start":{"line":124,"column":0},"end":{"line":124,"column":25}}},"fnMap":{"0":{"name":"(anonymous_0)","decl":{"start":{"line":3,"column":18},"end":{"line":3,"column":19}},"loc":{"start":{"line":12,"column":21},"end":{"line":122,"column":1}}},"1":{"name":"(anonymous_1)","decl":{"start":{"line":35,"column":36},"end":{"line":35,"column":37}},"loc":{"start":{"line":36,"column":20},"end":{"line":36,"column":41}}},"2":{"name":"(anonymous_2)","decl":{"start":{"line":69,"column":24},"end":{"line":69,"column":25}},"loc":{"start":{"line":70,"column":26},"end":{"line":70,"column":47}}}},"branchMap":{"0":{"loc":{"start":{"line":16,"column":7},"end":{"line":43,"column":null}},"type":"binary-expr","locations":[{"start":{"line":16,"column":7},"end":{"line":16,"column":30}},{"start":{"line":16,"column":34},"end":{"line":16,"column":58}},{"start":{"line":17,"column":8},"end":{"line":42,"column":null}}]},"1":{"loc":{"start":{"line":21,"column":15},"end":{"line":21,"column":48}},"type":"binary-expr","locations":[{"start":{"line":21,"column":15},"end":{"line":21,"column":41}},{"start":{"line":21,"column":45},"end":{"line":21,"column":48}}]},"2":{"loc":{"start":{"line":33,"column":17},"end":{"line":39,"column":20}},"type":"binary-expr","locations":[{"start":{"line":33,"column":17},"end":{"line":33,"column":45}},{"start":{"line":34,"column":18},"end":{"line":34,"column":42}},{"start":{"line":35,"column":18},"end":{"line":39,"column":20}}]},"3":{"loc":{"start":{"line":46,"column":7},"end":{"line":79,"column":null}},"type":"binary-expr","locations":[{"start":{"line":46,"column":7},"end":{"line":46,"column":30}},{"start":{"line":47,"column":8},"end":{"line":47,"column":29}},{"start":{"line":48,"column":8},"end":{"line":48,"column":72}},{"start":{"line":49,"column":10},"end":{"line":78,"column":null}}]},"4":{"loc":{"start":{"line":54,"column":19},"end":{"line":54,"column":52}},"type":"binary-expr","locations":[{"start":{"line":54,"column":19},"end":{"line":54,"column":45}},{"start":{"line":54,"column":49},"end":{"line":54,"column":52}}]},"5":{"loc":{"start":{"line":66,"column":21},"end":{"line":73,"column":null}},"type":"binary-expr","locations":[{"start":{"line":66,"column":21},"end":{"line":66,"column":36}},{"start":{"line":67,"column":22},"end":{"line":67,"column":55}},{"start":{"line":68,"column":23},"end":{"line":73,"column":null}}]},"6":{"loc":{"start":{"line":82,"column":7},"end":{"line":113,"column":null}},"type":"binary-expr","locations":[{"start":{"line":82,"column":7},"end":{"line":82,"column":30}},{"start":{"line":83,"column":8},"end":{"line":112,"column":null}}]},"7":{"loc":{"start":{"line":90,"column":15},"end":{"line":90,"column":48}},"type":"binary-expr","locations":[{"start":{"line":90,"column":15},"end":{"line":90,"column":41}},{"start":{"line":90,"column":45},"end":{"line":90,"column":48}}]},"8":{"loc":{"start":{"line":106,"column":18},"end":{"line":106,"column":80}},"type":"cond-expr","locations":[{"start":{"line":106,"column":42},"end":{"line":106,"column":46}},{"start":{"line":106,"column":49},"end":{"line":106,"column":80}}]},"9":{"loc":{"start":{"line":106,"column":49},"end":{"line":106,"column":80}},"type":"cond-expr","locations":[{"start":{"line":106,"column":72},"end":{"line":106,"column":75}},{"start":{"line":106,"column":78},"end":{"line":106,"column":80}}]},"10":{"loc":{"start":{"line":116,"column":9},"end":{"line":117,"column":null}},"type":"binary-expr","locations":[{"start":{"line":116,"column":9},"end":{"line":116,"column":14}},{"start":{"line":117,"column":10},"end":{"line":117,"column":77}}]}},"s":{"0":3,"1":61,"2":48,"3":4,"4":3},"f":{"0":61,"1":48,"2":4},"b":{"0":[61,31,16],"1":[16,16],"2":[16,16,16],"3":[61,31,15,2],"4":[2,2],"5":[2,2,2],"6":[61,30],"7":[30,30],"8":[15,15],"9":[15,0],"10":[61,6]}}
,"/Users/viktorkorshunov/Desktop/test-challenge-allen/src/components/JSONPreview.tsx": {"path":"/Users/viktorkorshunov/Desktop/test-challenge-allen/src/components/JSONPreview.tsx","statementMap":{"0":{"start":{"line":3,"column":20},"end":{"line":15,"column":1}},"1":{"start":{"line":9,"column":21},"end":{"line":9,"column":65}},"2":{"start":{"line":10,"column":2},"end":{"line":14,"column":4}},"3":{"start":{"line":17,"column":0},"end":{"line":17,"column":27}}},"fnMap":{"0":{"name":"(anonymous_0)","decl":{"start":{"line":3,"column":20},"end":{"line":3,"column":21}},"loc":{"start":{"line":8,"column":23},"end":{"line":15,"column":1}}}},"branchMap":{},"s":{"0":1,"1":8,"2":8,"3":1},"f":{"0":8},"b":{}}
}
