TN:
SF:src/App.css
FNF:0
FNH:0
LF:0
LH:0
BRF:0
BRH:0
end_of_record
TN:
SF:src/App.tsx
FN:6,App
FNF:1
FNH:1
FNDA:8,App
DA:1,1
DA:2,1
DA:3,1
DA:4,1
DA:7,8
DA:8,8
DA:9,8
DA:10,8
DA:12,8
DA:34,1
LF:10
LH:10
BRF:0
BRH:0
end_of_record
TN:
SF:src/components/Button.tsx
FN:3,(anonymous_0)
FNF:1
FNH:1
FNDA:30,(anonymous_0)
DA:3,2
DA:4,30
DA:15,2
LF:3
LH:3
BRF:0
BRH:0
end_of_record
TN:
SF:src/components/DynamicForm.tsx
FN:9,(anonymous_1)
FN:24,(anonymous_2)
FN:38,(anonymous_3)
FN:44,(anonymous_4)
FN:45,(anonymous_5)
FN:94,(anonymous_6)
FN:100,(anonymous_7)
FN:118,(anonymous_8)
FN:137,(anonymous_9)
FN:145,(anonymous_10)
FN:152,(anonymous_11)
FNF:11
FNH:10
FNDA:15,(anonymous_1)
FNDA:6,(anonymous_2)
FNDA:11,(anonymous_3)
FNDA:3,(anonymous_4)
FNDA:6,(anonymous_5)
FNDA:3,(anonymous_6)
FNDA:0,(anonymous_7)
FNDA:1,(anonymous_8)
FNDA:60,(anonymous_9)
FNDA:4,(anonymous_10)
FNDA:3,(anonymous_11)
DA:1,2
DA:2,2
DA:5,2
DA:6,2
DA:9,2
DA:19,15
DA:20,15
DA:21,15
DA:24,15
DA:25,6
DA:26,6
DA:27,5
DA:28,5
DA:29,5
DA:30,5
DA:31,3
DA:32,5
DA:33,3
DA:38,15
DA:39,11
DA:40,11
DA:44,15
DA:45,6
DA:46,3
DA:48,3
DA:50,3
DA:51,3
DA:53,0
DA:58,0
DA:62,0
DA:67,0
DA:71,0
DA:72,0
DA:76,0
DA:81,0
DA:85,0
DA:90,0
DA:94,3
DA:100,15
DA:101,0
DA:104,0
DA:107,0
DA:108,0
DA:110,0
DA:111,0
DA:112,0
DA:113,0
DA:115,0
DA:118,15
DA:119,1
DA:121,1
DA:122,0
DA:123,0
DA:124,0
DA:125,0
DA:128,1
DA:131,15
DA:138,60
DA:146,4
DA:147,4
DA:148,4
DA:149,1
DA:150,4
DA:153,3
DA:179,2
LF:65
LH:42
BRDA:26,0,0,5
BRDA:28,1,0,4
BRDA:29,2,0,4
BRDA:30,3,0,3
BRDA:32,4,0,3
BRDA:46,5,0,0
BRDA:50,6,0,3
BRDA:50,6,1,0
BRDA:50,7,0,3
BRDA:50,7,1,3
BRDA:53,8,0,0
BRDA:54,9,0,0
BRDA:54,9,1,0
BRDA:54,9,2,0
BRDA:62,10,0,0
BRDA:63,11,0,0
BRDA:63,11,1,0
BRDA:63,11,2,0
BRDA:71,12,0,0
BRDA:71,13,0,0
BRDA:71,13,1,0
BRDA:76,14,0,0
BRDA:77,15,0,0
BRDA:77,15,1,0
BRDA:77,15,2,0
BRDA:85,16,0,0
BRDA:86,17,0,0
BRDA:86,17,1,0
BRDA:86,17,2,0
BRDA:96,18,0,3
BRDA:96,18,1,0
BRDA:105,19,0,0
BRDA:105,19,1,0
BRDA:121,20,0,0
BRDA:135,21,0,15
BRDA:135,21,1,15
BRDA:135,21,2,15
BRDA:146,22,0,1
BRDA:147,23,0,1
BRDA:148,24,0,1
BRDA:150,25,0,1
BRDA:155,26,0,1
BRDA:155,26,1,2
BRDA:157,27,0,0
BRDA:157,27,1,2
BRDA:159,28,0,1
BRDA:159,28,1,1
BRDA:161,29,0,1
BRDA:161,29,1,0
BRDA:166,30,0,60
BRDA:166,30,1,54
BRF:51
BRH:24
end_of_record
TN:
SF:src/components/FormField.tsx
FN:3,(anonymous_0)
FN:35,(anonymous_1)
FN:69,(anonymous_2)
FNF:3
FNH:3
FNDA:61,(anonymous_0)
FNDA:48,(anonymous_1)
FNDA:4,(anonymous_2)
DA:3,3
DA:13,61
DA:36,48
DA:70,4
DA:124,3
LF:5
LH:5
BRDA:16,0,0,61
BRDA:16,0,1,31
BRDA:16,0,2,16
BRDA:21,1,0,16
BRDA:21,1,1,16
BRDA:33,2,0,16
BRDA:33,2,1,16
BRDA:33,2,2,16
BRDA:46,3,0,61
BRDA:46,3,1,31
BRDA:46,3,2,15
BRDA:46,3,3,2
BRDA:54,4,0,2
BRDA:54,4,1,2
BRDA:66,5,0,2
BRDA:66,5,1,2
BRDA:66,5,2,2
BRDA:82,6,0,61
BRDA:82,6,1,30
BRDA:90,7,0,30
BRDA:90,7,1,30
BRDA:106,8,0,15
BRDA:106,8,1,15
BRDA:106,9,0,15
BRDA:106,9,1,0
BRDA:116,10,0,61
BRDA:116,10,1,6
BRF:27
BRH:26
end_of_record
TN:
SF:src/components/JSONPreview.tsx
FN:3,(anonymous_0)
FNF:1
FNH:1
FNDA:8,(anonymous_0)
DA:3,1
DA:9,8
DA:10,8
DA:17,1
LF:4
LH:4
BRF:0
BRH:0
end_of_record
