TN:
SF:src/App.css
FNF:0
FNH:0
LF:0
LH:0
BRF:0
BRH:0
end_of_record
TN:
SF:src/App.tsx
FN:6,App
FN:8,(anonymous_2)
FNF:2
FNH:2
FNDA:9,App
FNDA:3,(anonymous_2)
DA:1,1
DA:2,1
DA:3,1
DA:4,1
DA:8,9
DA:9,3
DA:10,3
DA:13,9
DA:21,1
LF:9
LH:9
BRDA:10,0,0,2
BRDA:10,0,1,1
BRF:2
BRH:2
end_of_record
TN:
SF:src/components/Button.tsx
FN:3,(anonymous_0)
FNF:1
FNH:1
FNDA:18,(anonymous_0)
DA:3,1
DA:4,18
DA:15,1
LF:3
LH:3
BRF:0
BRH:0
end_of_record
TN:
SF:src/components/DynamicForm.tsx
FN:8,(anonymous_1)
FN:14,(anonymous_2)
FN:23,(anonymous_3)
FN:28,(anonymous_4)
FN:29,(anonymous_5)
FN:78,(anonymous_6)
FN:84,(anonymous_7)
FN:98,(anonymous_8)
FN:107,(anonymous_9)
FN:109,(anonymous_10)
FN:116,(anonymous_11)
FN:135,(anonymous_12)
FN:139,(anonymous_13)
FN:148,(anonymous_14)
FNF:14
FNH:8
FNDA:9,(anonymous_1)
FNDA:3,(anonymous_2)
FNDA:9,(anonymous_3)
FNDA:0,(anonymous_4)
FNDA:0,(anonymous_5)
FNDA:0,(anonymous_6)
FNDA:0,(anonymous_7)
FNDA:0,(anonymous_8)
FNDA:4,(anonymous_9)
FNDA:4,(anonymous_10)
FNDA:16,(anonymous_11)
FNDA:36,(anonymous_12)
FNDA:9,(anonymous_13)
FNDA:0,(anonymous_14)
DA:1,1
DA:2,1
DA:5,1
DA:6,1
DA:8,1
DA:9,9
DA:10,9
DA:11,9
DA:14,9
DA:15,3
DA:16,3
DA:17,2
DA:18,2
DA:23,9
DA:24,9
DA:28,9
DA:29,0
DA:30,0
DA:32,0
DA:34,0
DA:35,0
DA:37,0
DA:42,0
DA:46,0
DA:51,0
DA:55,0
DA:56,0
DA:60,0
DA:65,0
DA:69,0
DA:74,0
DA:78,0
DA:84,9
DA:85,0
DA:88,0
DA:91,0
DA:92,0
DA:94,0
DA:95,0
DA:98,9
DA:99,0
DA:101,0
DA:102,0
DA:104,0
DA:107,9
DA:108,4
DA:109,4
DA:110,4
DA:116,4
DA:117,16
DA:121,1
DA:125,4
DA:129,9
DA:137,36
DA:141,9
DA:143,36
DA:148,0
DA:164,1
LF:58
LH:31
BRDA:16,0,0,2
BRDA:30,1,0,0
BRDA:34,2,0,0
BRDA:34,2,1,0
BRDA:34,3,0,0
BRDA:34,3,1,0
BRDA:37,4,0,0
BRDA:38,5,0,0
BRDA:38,5,1,0
BRDA:38,5,2,0
BRDA:46,6,0,0
BRDA:47,7,0,0
BRDA:47,7,1,0
BRDA:47,7,2,0
BRDA:55,8,0,0
BRDA:55,9,0,0
BRDA:55,9,1,0
BRDA:60,10,0,0
BRDA:61,11,0,0
BRDA:61,11,1,0
BRDA:61,11,2,0
BRDA:69,12,0,0
BRDA:70,13,0,0
BRDA:70,13,1,0
BRDA:70,13,2,0
BRDA:80,14,0,0
BRDA:80,14,1,0
BRDA:89,15,0,0
BRDA:89,15,1,0
BRDA:101,16,0,0
BRDA:117,17,0,1
BRDA:118,18,0,16
BRDA:118,18,1,4
BRDA:133,19,0,9
BRDA:133,19,1,9
BRDA:133,19,2,9
BRDA:137,20,0,36
BRDA:137,20,1,9
BRDA:143,21,0,29
BRDA:143,21,1,7
BRDA:150,22,0,29
BRDA:150,22,1,29
BRF:42
BRH:13
end_of_record
TN:
SF:src/components/FormField.tsx
FN:3,(anonymous_0)
FN:65,(anonymous_1)
FN:76,(anonymous_2)
FNF:3
FNH:3
FNDA:29,(anonymous_0)
FNDA:27,(anonymous_1)
FNDA:4,(anonymous_2)
DA:3,1
DA:10,29
DA:66,27
DA:77,4
DA:95,1
LF:5
LH:5
BRDA:13,0,0,29
BRDA:13,0,1,20
BRDA:13,0,2,18
BRDA:21,1,0,18
BRDA:21,1,1,18
BRDA:29,2,0,18
BRDA:29,2,1,9
BRDA:36,3,0,18
BRDA:36,3,1,7
BRDA:46,4,0,29
BRDA:46,4,1,11
BRDA:51,5,0,11
BRDA:51,5,1,11
BRDA:56,6,0,11
BRDA:56,6,1,8
BRDA:63,7,0,11
BRDA:63,7,1,9
BRDA:63,7,2,9
BRDA:70,8,0,11
BRDA:70,8,1,11
BRDA:70,8,2,2
BRDA:87,9,0,29
BRDA:87,9,1,0
BRF:23
BRH:22
end_of_record
TN:
SF:src/components/JSONPreview.tsx
FN:3,(anonymous_0)
FNF:1
FNH:1
FNDA:9,(anonymous_0)
DA:3,1
DA:4,9
DA:12,1
LF:3
LH:3
BRF:0
BRH:0
end_of_record
